<?xml version="1.0" encoding="UTF-8"?>
<testng-results ignored="0" total="2" passed="2" failed="0" skipped="0">
  <reporter-output>
  </reporter-output>
  <suite started-at="2023-07-20T17:15:45 IST" name="Default suite" finished-at="2023-07-20T17:15:50 IST" duration-ms="5685">
    <groups>
    </groups>
    <test started-at="2023-07-20T17:15:45 IST" name="Default test" finished-at="2023-07-20T17:15:50 IST" duration-ms="5685">
      <class name="AdminPortal.Admin">
        <test-method signature="createCustomer()[pri:1, instance:AdminPortal.Admin@4466af20]" started-at="2023-07-20T17:15:45 IST" name="createCustomer" finished-at="2023-07-20T17:15:49 IST" duration-ms="3821" status="PASS">
          <reporter-output>
          </reporter-output>
        </test-method> <!-- createCustomer -->
        <test-method signature="addKey()[pri:2, instance:AdminPortal.Admin@4466af20]" started-at="2023-07-20T17:15:49 IST" name="addKey" finished-at="2023-07-20T17:15:50 IST" depends-on-methods="AdminPortal.Admin.createCustomer" duration-ms="1801" status="PASS">
          <reporter-output>
          </reporter-output>
        </test-method> <!-- addKey -->
      </class> <!-- AdminPortal.Admin -->
    </test> <!-- Default test -->
  </suite> <!-- Default suite -->
</testng-results>
